# processing file 'exec_adhoc_rename_root-int.trace' ...
        # processing file 'adhoc_rename_root-int.trace' ...
        @type trace

        #####################################
        # Test rename root
        #####################################
     7: mkdir "/test_dir_0001" 0o3361
     8: Tau
     9: RV_none
    10: chdir "/test_dir_0001"
    11: Tau
    12: RV_none
    13: mkdir "empty_dir1" 0o3361
    14: Tau
    15: RV_none
    16: mkdir "empty_dir2" 0o777
    17: Tau
    18: RV_none
    19: mkdir "nonempty_dir1" 0o777
    20: Tau
    21: RV_none

    23: rename "/" "mydir"
    24: Tau
    25: EBUSY




# trace accepted
