# processing file 'adhoc_rename_link_count_file_different_parent-int.trace' ...
        @type trace

        ###########################################
        # Test link count of files after rename
        ###########################################

        # test that renaming a file with a link in another existing file does not effect the link count

     9: open_close "/f1.txt" [O_RDONLY;O_CREAT] 0o666
        Tau
        RV_none

    11: open_close "/f2.txt" [O_RDONLY;O_CREAT] 0o666
        Tau
        RV_none

    13: link "/f1.txt" "/f1_hl.txt"
        Tau
        RV_none

    15: stat "f1.txt"
        Tau
        RV_stat { st_dev=1792; st_ino=24; st_kind=S_IFREG; st_perm=0o644; st_nlink=2; st_uid=0; st_gid=0; st_rdev=0; st_size=0; }

    17: stat "f2.txt"
        Tau
        RV_stat { st_dev=1792; st_ino=25; st_kind=S_IFREG; st_perm=0o644; st_nlink=1; st_uid=0; st_gid=0; st_rdev=0; st_size=0; }

    19: stat "f1_hl.txt"
        Tau
        RV_stat { st_dev=1792; st_ino=24; st_kind=S_IFREG; st_perm=0o644; st_nlink=2; st_uid=0; st_gid=0; st_rdev=0; st_size=0; }

    21: rename "f1.txt" "f2.txt"
        Tau
        RV_none

    23: stat "f2.txt"
        Tau
        RV_stat { st_dev=1792; st_ino=24; st_kind=S_IFREG; st_perm=0o644; st_nlink=2; st_uid=0; st_gid=0; st_rdev=0; st_size=0; }

    25: stat "f1_hl.txt"
        Tau
        RV_stat { st_dev=1792; st_ino=24; st_kind=S_IFREG; st_perm=0o644; st_nlink=2; st_uid=0; st_gid=0; st_rdev=0; st_size=0; }

        # test that renaming a file in another existing file with a link affects the link count

    29: open_close "/f1.txt" [O_RDONLY;O_CREAT] 0o666
        Tau
        RV_none

    31: rename "f1.txt" "f2.txt"
        Tau
        RV_none

    33: stat "f2.txt"
        Tau
        RV_stat { st_dev=1792; st_ino=19; st_kind=S_IFREG; st_perm=0o644; st_nlink=1; st_uid=0; st_gid=0; st_rdev=0; st_size=0; }

    35: stat "f1_hl.txt"
        Tau
        RV_stat { st_dev=1792; st_ino=24; st_kind=S_IFREG; st_perm=0o644; st_nlink=1; st_uid=0; st_gid=0; st_rdev=0; st_size=0; }


