# processing file 'adhoc_rename_link_count_dir_same_parent-int.trace' ...
        @type trace

        ###########################################
        # Test link count of files after rename
        ###########################################
     6: mkdir "/nonempty_dir2" 0o777
        Tau
        RV_none

     8: stat "/nonempty_dir2"
        Tau
        RV_stat { st_dev=1792; st_ino=32641; st_kind=S_IFDIR; st_perm=0o755; st_nlink=2; st_uid=0; st_gid=0; st_rdev=0; st_size=4096; }

    10: mkdir "/nonempty_dir2/mydir" 0o777
        Tau
        RV_none

    12: stat "/nonempty_dir2/mydir"
        Tau
        RV_stat { st_dev=1792; st_ino=32642; st_kind=S_IFDIR; st_perm=0o755; st_nlink=2; st_uid=0; st_gid=0; st_rdev=0; st_size=4096; }


        # test that renaming a directory in the same parent does not change the count

    17: rename "/nonempty_dir2/mydir" "/nonempty_dir2/mydir2"
        Tau
        RV_none

    19: stat "/nonempty_dir2"
        Tau
        RV_stat { st_dev=1792; st_ino=32641; st_kind=S_IFDIR; st_perm=0o755; st_nlink=3; st_uid=0; st_gid=0; st_rdev=0; st_size=4096; }

    21: stat "/nonempty_dir2/mydir2"
        Tau
        RV_stat { st_dev=1792; st_ino=32642; st_kind=S_IFDIR; st_perm=0o755; st_nlink=2; st_uid=0; st_gid=0; st_rdev=0; st_size=4096; }


