# processing file 'lstat___lstat_nonempty_dir1__d2__sl_no_such_target-int.trace' ...
        @type trace
        #####################################
        # Test lstat___lstat_nonempty_dir1__d2__sl_no_such_target
        #####################################
     5: mkdir "empty_dir1" 0o777
        Tau
        RV_none
     6: mkdir "empty_dir2" 0o777
        Tau
        RV_none
     7: mkdir "nonempty_dir1" 0o777
        Tau
        RV_none
     8: mkdir "nonempty_dir1/d2" 0o777
        Tau
        RV_none
     9: open "nonempty_dir1/d2/f3.txt" [O_CREAT;O_WRONLY] 0o666
        Tau
        RV_num(3)
    10: write! (FD 3) "Lorem ipsum dolor sit amet, consectetur adipisicing elit, sed do eiusmod tempor inc" 83
        Tau
        RV_num(83)
    11: close (FD 3)
        Tau
        RV_none
    12: mkdir "nonempty_dir1/d2/d3" 0o777
        Tau
        RV_none
    13: symlink "../f1.txt" "nonempty_dir1/d2/sl_dotdot_f1.txt"
        Tau
        RV_none
    14: symlink "no_such_target" "nonempty_dir1/d2/sl_no_such_target"
        Tau
        RV_none
    15: symlink "../no_such_target" "nonempty_dir1/d2/sl_dotdot_no_such_target"
        Tau
        RV_none
    16: symlink "../d2" "nonempty_dir1/d2/sl_dotdot_d2"
        Tau
        RV_none
    17: open_close "nonempty_dir1/f1.txt" [O_CREAT;O_WRONLY] 0o666
        Tau
        RV_none
    18: symlink "f1.txt" "nonempty_dir1/sl_f1.txt"
        Tau
        RV_none
    19: mkdir "nonempty_dir2" 0o777
        Tau
        RV_none
    20: open_close "nonempty_dir2/f1.txt" [O_CREAT;O_WRONLY] 0o666
        Tau
        RV_none
    21: open "nonempty_dir2/f2.txt" [O_CREAT;O_WRONLY] 0o666
        Tau
        RV_num(3)
    22: write! (FD 3) "Lorem ipsum dolor sit amet, consectetur adipisicing elit, sed do eiusmod tempor incididunt ut labore et dolore magna aliqua. Ut enim ad minim veniam, quis nostrud exer" 167
        Tau
        RV_num(167)
    23: close (FD 3)
        Tau
        RV_none
    24: mkdir "nonempty_dir2/d2" 0o777
        Tau
        RV_none
    25: mkdir "nonempty_dir2/d2/d3" 0o777
        Tau
        RV_none
    26: symlink "../../nonempty_dir1/d2/f3.txt" "nonempty_dir2/d2/sl_f3.txt"
        Tau
        RV_none

    28: lstat "nonempty_dir1/d2/sl_no_such_target"
        Tau
        RV_stat { st_dev=1792; st_ino=17; st_kind=S_IFLNK; st_perm=0o777; st_nlink=1; st_uid=0; st_gid=0; st_rdev=0; st_size=14; }

    30: dump-result "/"
           "/"|D|65283
           "/empty_dir1"|D|65281
           "/empty_dir2"|D|65282
           "/nonempty_dir1"|D|65284
           "/nonempty_dir1/f1.txt"|F|20|0|"da39a3ee5e6b4b0d3255bfef95601890afd80709"
           "/nonempty_dir1/sl_f1.txt"|L|"f1.txt"
           "/nonempty_dir1/d2"|D|65285
           "/nonempty_dir1/d2/f3.txt"|F|13|83|"4b535f836f6006423fc132a59e78dfcc4fe6292f"
           "/nonempty_dir1/d2/sl_dotdot_d2"|L|"../d2"
           "/nonempty_dir1/d2/sl_dotdot_f1.txt"|L|"../f1.txt"
           "/nonempty_dir1/d2/sl_dotdot_no_such_target"|L|"../no_such_target"
           "/nonempty_dir1/d2/sl_no_such_target"|L|"no_such_target"
           "/nonempty_dir1/d2/d3"|D|65286
           "/nonempty_dir2"|D|65287
           "/nonempty_dir2/f1.txt"|F|22|0|"da39a3ee5e6b4b0d3255bfef95601890afd80709"
           "/nonempty_dir2/f2.txt"|F|23|167|"d09f4e47c22373e56c2369633ac3dcb71d598601"
           "/nonempty_dir2/d2"|D|65288
           "/nonempty_dir2/d2/sl_f3.txt"|L|"../../nonempty_dir1/d2/f3.txt"
           "/nonempty_dir2/d2/d3"|D|65289
        end dump-result




