< id -u -n
< id -g -n
< uname -s
+ mkdir "-p" "/tmp/fs_test"
$ Acquired lock /tmp/fs_test/pw.lock
? groupadd "fs_group_0"
groupadd: group 'fs_group_0' already exists
? groupadd "fs_group_1"
$ Released lock /tmp/fs_test/pw.lock
$ Acquired lock /tmp/fs_test/pw.lock
? useradd "-s" "/bin/false" "fs_user_0"
$ Released lock /tmp/fs_test/pw.lock
+ adduser "fs_user_0" "fs_group_1"
Adding user `fs_user_0' to group `fs_group_1' ...
Adding user fs_user_0 to group fs_group_1
Done.
15061 creating agent 15272
$ Acquired lock /tmp/fs_test/pw.lock
? groupadd "fs_group_2"
groupadd: group 'fs_group_2' already exists
? groupadd "fs_group_3"
groupadd: group 'fs_group_3' already exists
? groupadd "fs_group_4"
$ Released lock /tmp/fs_test/pw.lock
$ Acquired lock /tmp/fs_test/pw.lock
? useradd "-s" "/bin/false" "fs_user_1"
useradd: user 'fs_user_1' already exists
? useradd "-s" "/bin/false" "fs_user_2"
useradd: user 'fs_user_2' already exists
? useradd "-s" "/bin/false" "fs_user_3"
useradd: user 'fs_user_3' already exists
? useradd "-s" "/bin/false" "fs_user_4"
$ Released lock /tmp/fs_test/pw.lock
+ adduser "fs_user_4" "fs_group_4"
Adding user `fs_user_4' to group `fs_group_4' ...
Adding user fs_user_4 to group fs_group_4
Done.
+ adduser "fs_user_4" "fs_group_1"
Adding user `fs_user_4' to group `fs_group_1' ...
Adding user fs_user_4 to group fs_group_1
Done.
15061 creating agent 15618
15061 stopping agent 15618
15061 stopping agent 15272
? groupdel "fs_group_1"
? groupdel "fs_group_4"
+ userdel "fs_user_0"
+ userdel "fs_user_4"
