< id -u -n
< id -g -n
< uname -s
+ mkdir "-p" "/tmp/fs_test"
$ Acquired lock /tmp/fs_test/pw.lock
? groupadd "fs_group_0"
$ Released lock /tmp/fs_test/pw.lock
$ Acquired lock /tmp/fs_test/pw.lock
? useradd "-s" "/bin/false" "fs_user_0"
useradd: user 'fs_user_0' already exists
? useradd "-s" "/bin/false" "fs_user_1"
$ Released lock /tmp/fs_test/pw.lock
+ adduser "fs_user_1" "fs_group_0"
Adding user `fs_user_1' to group `fs_group_0' ...
Adding user fs_user_1 to group fs_group_0
Done.
27126 creating agent 27480
27126 stopping agent 27480
? groupdel "fs_group_0"
+ userdel "fs_user_1"
