# processing file 'adhoc_create_owner-int.trace' ...
        @type trace
        # Test the default ownership of various types of nodes

     4: Pid 2 -> create (User_id 1) (Group_id 1)

     6: Pid 2 -> symlink "b" "a"
        Tau
        Pid 2 <- RV_none

     8: lstat "a"
        Tau
        RV_stat { st_dev=1792; st_ino=13; st_kind=S_IFLNK; st_perm=0o777; st_nlink=1; st_uid=1; st_gid=1; st_rdev=0; st_size=1; }

    10: Pid 2 -> mkdir "d" 0o777
        Tau
        Pid 2 <- RV_none

    12: stat "d"
        Tau
        RV_stat { st_dev=1792; st_ino=32646; st_kind=S_IFDIR; st_perm=0o755; st_nlink=2; st_uid=1; st_gid=1; st_rdev=0; st_size=4096; }

    14: Pid 2 -> open_close "c" [O_CREAT;O_RDWR] 0o666
        Tau
        Pid 2 <- RV_none

    16: stat "c"
        Tau
        RV_stat { st_dev=1792; st_ino=14; st_kind=S_IFREG; st_perm=0o644; st_nlink=1; st_uid=1; st_gid=1; st_rdev=0; st_size=0; }


