< id -u -n
< id -g -n
< uname -s
+ mkdir "-p" "/tmp/fs_test"
$ Acquired lock /tmp/fs_test/pw.lock
? groupadd "fs_group_0"
$ Released lock /tmp/fs_test/pw.lock
$ Acquired lock /tmp/fs_test/pw.lock
? useradd "-s" "/bin/false" "fs_user_0"
$ Released lock /tmp/fs_test/pw.lock
+ adduser "fs_user_0" "fs_group_0"
Adding user `fs_user_0' to group `fs_group_0' ...
Adding user fs_user_0 to group fs_group_0
Done.
18731 creating agent 18874
$ Acquired lock /tmp/fs_test/pw.lock
? groupadd "fs_group_1"
$ Released lock /tmp/fs_test/pw.lock
$ Acquired lock /tmp/fs_test/pw.lock
? useradd "-s" "/bin/false" "fs_user_1"
$ Released lock /tmp/fs_test/pw.lock
+ adduser "fs_user_1" "fs_group_1"
Adding user `fs_user_1' to group `fs_group_1' ...
Adding user fs_user_1 to group fs_group_1
Done.
18731 creating agent 19268
18731 stopping agent 19268
18731 stopping agent 18874
? groupdel "fs_group_0"
? groupdel "fs_group_1"
+ userdel "fs_user_0"
+ userdel "fs_user_1"
