< id -u -n
< id -g -n
< uname -s
+ mkdir "-p" "/tmp/fs_test"
$ Acquired lock /tmp/fs_test/pw.lock
? groupadd "fs_group_0"
$ Released lock /tmp/fs_test/pw.lock
$ Acquired lock /tmp/fs_test/pw.lock
? useradd "-s" "/bin/false" "fs_user_0"
useradd: user 'fs_user_0' already exists
? useradd "-s" "/bin/false" "fs_user_1"
$ Released lock /tmp/fs_test/pw.lock
+ adduser "fs_user_1" "fs_group_0"
Adding user `fs_user_1' to group `fs_group_0' ...
Adding user fs_user_1 to group fs_group_0
Done.
15041 creating agent 15378
$ Acquired lock /tmp/fs_test/pw.lock
? groupadd "fs_group_1"
groupadd: group 'fs_group_1' already exists
? groupadd "fs_group_2"
groupadd: group 'fs_group_2' already exists
? groupadd "fs_group_3"
groupadd: group 'fs_group_3' already exists
? groupadd "fs_group_4"
groupadd: group 'fs_group_4' already exists
? groupadd "fs_group_5"
$ Released lock /tmp/fs_test/pw.lock
$ Acquired lock /tmp/fs_test/pw.lock
? useradd "-s" "/bin/false" "fs_user_2"
useradd: user 'fs_user_2' already exists
? useradd "-s" "/bin/false" "fs_user_3"
useradd: user 'fs_user_3' already exists
? useradd "-s" "/bin/false" "fs_user_4"
useradd: user 'fs_user_4' already exists
? useradd "-s" "/bin/false" "fs_user_5"
useradd: user 'fs_user_5' already exists
? useradd "-s" "/bin/false" "fs_user_6"
useradd: user 'fs_user_6' already exists
? useradd "-s" "/bin/false" "fs_user_7"
useradd: user 'fs_user_7' already exists
? useradd "-s" "/bin/false" "fs_user_8"
$ Released lock /tmp/fs_test/pw.lock
+ adduser "fs_user_8" "fs_group_5"
Adding user `fs_user_8' to group `fs_group_5' ...
Adding user fs_user_8 to group fs_group_5
Done.
+ adduser "fs_user_8" "fs_group_0"
Adding user `fs_user_8' to group `fs_group_0' ...
Adding user fs_user_8 to group fs_group_0
Done.
15041 creating agent 15900
15041 stopping agent 15900
15041 stopping agent 15378
? groupdel "fs_group_0"
? groupdel "fs_group_5"
+ userdel "fs_user_1"
+ userdel "fs_user_8"
