< id -u -n
< id -g -n
< uname -s
+ mkdir "-p" "/tmp/fs_test"
$ Acquired lock /tmp/fs_test/pw.lock
? groupadd "fs_group_0"
groupadd: group 'fs_group_0' already exists
? groupadd "fs_group_1"
$ Released lock /tmp/fs_test/pw.lock
$ Acquired lock /tmp/fs_test/pw.lock
? useradd "-s" "/bin/false" "fs_user_0"
useradd: user 'fs_user_0' already exists
? useradd "-s" "/bin/false" "fs_user_1"
$ Released lock /tmp/fs_test/pw.lock
+ adduser "fs_user_1" "fs_group_1"
Adding user `fs_user_1' to group `fs_group_1' ...
Adding user fs_user_1 to group fs_group_1
Done.
23022 creating agent 23541
$ Acquired lock /tmp/fs_test/pw.lock
? groupadd "fs_group_2"
groupadd: group 'fs_group_2' already exists
? groupadd "fs_group_3"
$ Released lock /tmp/fs_test/pw.lock
$ Acquired lock /tmp/fs_test/pw.lock
? useradd "-s" "/bin/false" "fs_user_2"
useradd: user 'fs_user_2' already exists
? useradd "-s" "/bin/false" "fs_user_3"
$ Released lock /tmp/fs_test/pw.lock
+ adduser "fs_user_3" "fs_group_3"
Adding user `fs_user_3' to group `fs_group_3' ...
Adding user fs_user_3 to group fs_group_3
Done.
+ adduser "fs_user_3" "fs_group_1"
Adding user `fs_user_3' to group `fs_group_1' ...
Adding user fs_user_3 to group fs_group_1
Done.
23022 creating agent 23866
23022 stopping agent 23866
23022 stopping agent 23541
? groupdel "fs_group_1"
? groupdel "fs_group_3"
+ userdel "fs_user_1"
+ userdel "fs_user_3"
