< id -u -n
< id -g -n
< uname -s
+ mkdir "-p" "/tmp/fs_test"
$ Acquired lock /tmp/fs_test/pw.lock
? groupadd "fs_group_0"
$ Released lock /tmp/fs_test/pw.lock
$ Acquired lock /tmp/fs_test/pw.lock
? useradd "-s" "/bin/false" "fs_user_0"
$ Released lock /tmp/fs_test/pw.lock
+ adduser "fs_user_0" "fs_group_0"
Adding user `fs_user_0' to group `fs_group_0' ...
Adding user fs_user_0 to group fs_group_0
Done.
25370 creating agent 25685
$ Acquired lock /tmp/fs_test/pw.lock
? groupadd "fs_group_1"
groupadd: group 'fs_group_1' already exists
? groupadd "fs_group_2"
$ Released lock /tmp/fs_test/pw.lock
$ Acquired lock /tmp/fs_test/pw.lock
? useradd "-s" "/bin/false" "fs_user_1"
$ Released lock /tmp/fs_test/pw.lock
+ adduser "fs_user_1" "fs_group_2"
Adding user `fs_user_1' to group `fs_group_2' ...
Adding user fs_user_1 to group fs_group_2
Done.
+ adduser "fs_user_1" "fs_group_0"
Adding user `fs_user_1' to group `fs_group_0' ...
Adding user fs_user_1 to group fs_group_0
Done.
25370 creating agent 25934
25370 stopping agent 25934
25370 stopping agent 25685
? groupdel "fs_group_0"
? groupdel "fs_group_2"
+ userdel "fs_user_0"
+ userdel "fs_user_1"
