< id -u -n
< id -g -n
< uname -s
+ mkdir "-p" "/tmp/fs_test"
$ Acquired lock /tmp/fs_test/pw.lock
? groupadd "fs_group_0"
$ Released lock /tmp/fs_test/pw.lock
$ Acquired lock /tmp/fs_test/pw.lock
? useradd "-s" "/bin/false" "fs_user_0"
useradd: user 'fs_user_0' already exists
? useradd "-s" "/bin/false" "fs_user_1"
useradd: user 'fs_user_1' already exists
? useradd "-s" "/bin/false" "fs_user_2"
useradd: user 'fs_user_2' already exists
? useradd "-s" "/bin/false" "fs_user_3"
$ Released lock /tmp/fs_test/pw.lock
+ adduser "fs_user_3" "fs_group_0"
Adding user `fs_user_3' to group `fs_group_0' ...
Adding user fs_user_3 to group fs_group_0
Done.
32615 creating agent 523
$ Acquired lock /tmp/fs_test/pw.lock
? groupadd "fs_group_1"
groupadd: group 'fs_group_1' already exists
? groupadd "fs_group_2"
groupadd: group 'fs_group_2' already exists
? groupadd "fs_group_3"
groupadd: group 'fs_group_3' already exists
? groupadd "fs_group_4"
groupadd: group 'fs_group_4' already exists
? groupadd "fs_group_5"
groupadd: group 'fs_group_5' already exists
? groupadd "fs_group_6"
groupadd: group 'fs_group_6' already exists
? groupadd "fs_group_7"
groupadd: group 'fs_group_7' already exists
? groupadd "fs_group_8"
$ Released lock /tmp/fs_test/pw.lock
$ Acquired lock /tmp/fs_test/pw.lock
? useradd "-s" "/bin/false" "fs_user_4"
useradd: user 'fs_user_4' already exists
? useradd "-s" "/bin/false" "fs_user_5"
useradd: user 'fs_user_5' already exists
? useradd "-s" "/bin/false" "fs_user_6"
useradd: user 'fs_user_6' already exists
? useradd "-s" "/bin/false" "fs_user_7"
$ Released lock /tmp/fs_test/pw.lock
+ adduser "fs_user_7" "fs_group_8"
Adding user `fs_user_7' to group `fs_group_8' ...
Adding user fs_user_7 to group fs_group_8
Done.
+ adduser "fs_user_7" "fs_group_0"
Adding user `fs_user_7' to group `fs_group_0' ...
Adding user fs_user_7 to group fs_group_0
Done.
32615 creating agent 924
32615 stopping agent 924
32615 stopping agent 523
? groupdel "fs_group_0"
? groupdel "fs_group_8"
+ userdel "fs_user_3"
+ userdel "fs_user_7"
