# processing file 'perm_umask_444-int.trace' ...
        @type trace
        #####################################
        # Test perm_umask_444
        #####################################

        #Initialize environment

     8: umask 0o444
        Tau
        RV_file_perm(0o022)
     9: umask 0o444
        Tau
        RV_file_perm(0o444)

        #Test

    13: symlink "nonexistent" "sl"
        Tau
        RV_none
    14: lstat "sl"
        Tau
        RV_stat { st_dev=1792; st_ino=14; st_kind=S_IFLNK; st_perm=0o777; st_nlink=1; st_uid=0; st_gid=0; st_rdev=0; st_size=11; }

    16: open_close "f_777" [O_CREAT;O_RDWR] 0o777
        Tau
        RV_none
    17: stat "f_777"
        Tau
        RV_stat { st_dev=1792; st_ino=15; st_kind=S_IFREG; st_perm=0o333; st_nlink=1; st_uid=0; st_gid=0; st_rdev=0; st_size=0; }

    19: mkdir "d_777" 0o777
        Tau
        RV_none
    20: stat "d_777"
        Tau
        RV_stat { st_dev=1792; st_ino=32645; st_kind=S_IFDIR; st_perm=0o333; st_nlink=2; st_uid=0; st_gid=0; st_rdev=0; st_size=4096; }

    22: open_close "f_444" [O_CREAT;O_RDWR] 0o444
        Tau
        RV_none
    23: stat "f_444"
        Tau
        RV_stat { st_dev=1792; st_ino=16; st_kind=S_IFREG; st_perm=0o000; st_nlink=1; st_uid=0; st_gid=0; st_rdev=0; st_size=0; }

    25: mkdir "d_444" 0o444
        Tau
        RV_none
    26: stat "d_444"
        Tau
        RV_stat { st_dev=1792; st_ino=32647; st_kind=S_IFDIR; st_perm=0o000; st_nlink=2; st_uid=0; st_gid=0; st_rdev=0; st_size=4096; }

    28: open_close "f_322" [O_CREAT;O_RDWR] 0o322
        Tau
        RV_none
    29: stat "f_322"
        Tau
        RV_stat { st_dev=1792; st_ino=12; st_kind=S_IFREG; st_perm=0o322; st_nlink=1; st_uid=0; st_gid=0; st_rdev=0; st_size=0; }

    31: mkdir "d_322" 0o322
        Tau
        RV_none
    32: stat "d_322"
        Tau
        RV_stat { st_dev=1792; st_ino=32648; st_kind=S_IFDIR; st_perm=0o322; st_nlink=2; st_uid=0; st_gid=0; st_rdev=0; st_size=4096; }

    34: open_close "f_000" [O_CREAT;O_RDWR] 0o000
        Tau
        RV_none
    35: stat "f_000"
        Tau
        RV_stat { st_dev=1792; st_ino=17; st_kind=S_IFREG; st_perm=0o000; st_nlink=1; st_uid=0; st_gid=0; st_rdev=0; st_size=0; }

    37: mkdir "d_000" 0o000
        Tau
        RV_none
    38: stat "d_000"
        Tau
        RV_stat { st_dev=1792; st_ino=32649; st_kind=S_IFDIR; st_perm=0o000; st_nlink=2; st_uid=0; st_gid=0; st_rdev=0; st_size=4096; }


