# processing file 'adhoc_open-int.trace' ...
        @type trace
        ##################################################
        # Testing open with various flags and permissions
        ##################################################

     6: mkdir "/tmp_dir_uwx/" 0o300
        Tau
        RV_none

        # non-existent
     9: open "/tmp_dir_uw/f-nonexist.txt" [O_RDONLY]
        Tau
        ENOENT

        # rwx
    12: open_close "/tmp_dir_uwx/f_rwx.txt" [O_CREAT;O_RDWR] 0o700
        Tau
        RV_none
    13: open_close "/tmp_dir_uwx/f_rwx.txt" [O_RDONLY]
        Tau
        RV_none
    14: open_close "/tmp_dir_uwx/f_rwx.txt" [O_WRONLY]
        Tau
        RV_none
    15: open_close "/tmp_dir_uwx/f_rwx.txt" [O_RDWR]
        Tau
        RV_none
    16: open_close "/tmp_dir_uwx/f_rwx.txt" [O_RDONLY;O_TRUNC]
        Tau
        RV_none
    17: open_close "/tmp_dir_uwx/f_rwx.txt" [O_TRUNC;O_WRONLY]
        Tau
        RV_none
    18: open_close "/tmp_dir_uwx/f_rwx.txt" [O_RDONLY;O_APPEND]
        Tau
        RV_none
    19: open_close "/tmp_dir_uwx/f_rwx.txt" [O_APPEND;O_WRONLY]
        Tau
        RV_none

        # r--
    22: open_close "/tmp_dir_uwx/f_r.txt" [O_CREAT;O_RDWR] 0o400
        Tau
        RV_none
    23: open_close "/tmp_dir_uwx/f_r.txt" [O_RDONLY]
        Tau
        RV_none
    24: open_close "/tmp_dir_uwx/f_r.txt" [O_WRONLY]
        Tau
        RV_none
    25: open_close "/tmp_dir_uwx/f_r.txt" [O_RDWR]
        Tau
        RV_none
    26: open_close "/tmp_dir_uwx/f_r.txt" [O_RDONLY;O_TRUNC]
        Tau
        RV_none
    27: open_close "/tmp_dir_uwx/f_r.txt" [O_TRUNC;O_WRONLY]
        Tau
        RV_none
    28: open_close "/tmp_dir_uwx/f_r.txt" [O_RDONLY;O_APPEND]
        Tau
        RV_none
    29: open_close "/tmp_dir_uwx/f_r.txt" [O_APPEND;O_WRONLY]
        Tau
        RV_none

        # -w-
    32: open_close "/tmp_dir_uwx/f_w.txt" [O_CREAT;O_RDWR] 0o200
        Tau
        RV_none
    33: open_close "/tmp_dir_uwx/f_w.txt" [O_RDONLY]
        Tau
        RV_none
    34: open_close "/tmp_dir_uwx/f_w.txt" [O_WRONLY]
        Tau
        RV_none
    35: open_close "/tmp_dir_uwx/f_w.txt" [O_RDWR]
        Tau
        RV_none
    36: open_close "/tmp_dir_uwx/f_w.txt" [O_RDONLY;O_TRUNC]
        Tau
        RV_none
    37: open_close "/tmp_dir_uwx/f_w.txt" [O_TRUNC;O_WRONLY]
        Tau
        RV_none
    38: open_close "/tmp_dir_uwx/f_w.txt" [O_RDONLY;O_APPEND]
        Tau
        RV_none
    39: open_close "/tmp_dir_uwx/f_w.txt" [O_APPEND;O_WRONLY]
        Tau
        RV_none

        # --x
    42: open_close "/tmp_dir_uwx/f_x.txt" [O_CREAT;O_RDWR] 0o100
        Tau
        RV_none
    43: open_close "/tmp_dir_uwx/f_x.txt" [O_RDONLY]
        Tau
        RV_none
    44: open_close "/tmp_dir_uwx/f_x.txt" [O_WRONLY]
        Tau
        RV_none
    45: open_close "/tmp_dir_uwx/f_x.txt" [O_RDWR]
        Tau
        RV_none
    46: open_close "/tmp_dir_uwx/f_x.txt" [O_RDONLY;O_TRUNC]
        Tau
        RV_none
    47: open_close "/tmp_dir_uwx/f_x.txt" [O_TRUNC;O_WRONLY]
        Tau
        RV_none
    48: open_close "/tmp_dir_uwx/f_x.txt" [O_RDONLY;O_APPEND]
        Tau
        RV_none
    49: open_close "/tmp_dir_uwx/f_x.txt" [O_APPEND;O_WRONLY]
        Tau
        RV_none

        # rw-
    52: open_close "/tmp_dir_uwx/f_rw.txt" [O_CREAT;O_RDWR] 0o600
        Tau
        RV_none
    53: open_close "/tmp_dir_uwx/f_rw.txt" [O_RDONLY]
        Tau
        RV_none
    54: open_close "/tmp_dir_uwx/f_rw.txt" [O_WRONLY]
        Tau
        RV_none
    55: open_close "/tmp_dir_uwx/f_rw.txt" [O_RDWR]
        Tau
        RV_none
    56: open_close "/tmp_dir_uwx/f_rw.txt" [O_RDONLY;O_TRUNC]
        Tau
        RV_none
    57: open_close "/tmp_dir_uwx/f_rw.txt" [O_TRUNC;O_WRONLY]
        Tau
        RV_none
    58: open_close "/tmp_dir_uwx/f_rw.txt" [O_RDONLY;O_APPEND]
        Tau
        RV_none
    59: open_close "/tmp_dir_uwx/f_rw.txt" [O_APPEND;O_WRONLY]
        Tau
        RV_none


    62: dump-result "/"
           "/"|D|32643
           "/tmp_dir_uwx"|D|32645
           "/tmp_dir_uwx/f_r.txt"|F|15|0|"da39a3ee5e6b4b0d3255bfef95601890afd80709"
           "/tmp_dir_uwx/f_rw.txt"|F|18|0|"da39a3ee5e6b4b0d3255bfef95601890afd80709"
           "/tmp_dir_uwx/f_rwx.txt"|F|13|0|"da39a3ee5e6b4b0d3255bfef95601890afd80709"
           "/tmp_dir_uwx/f_w.txt"|F|16|0|"da39a3ee5e6b4b0d3255bfef95601890afd80709"
           "/tmp_dir_uwx/f_x.txt"|F|17|0|"da39a3ee5e6b4b0d3255bfef95601890afd80709"
        end dump-result



