< id -u -n
< id -g -n
< uname -s
+ mkdir "-p" "/tmp/fs_test"
$ Acquired lock /tmp/fs_test/pw.lock
? groupadd "fs_group_0"
groupadd: group 'fs_group_0' already exists
? groupadd "fs_group_1"
$ Released lock /tmp/fs_test/pw.lock
$ Acquired lock /tmp/fs_test/pw.lock
? useradd "-s" "/bin/false" "fs_user_0"
$ Released lock /tmp/fs_test/pw.lock
+ adduser "fs_user_0" "fs_group_1"
Adding user `fs_user_0' to group `fs_group_1' ...
Adding user fs_user_0 to group fs_group_1
Done.
3488 creating agent 3727
3488 stopping agent 3727
? groupdel "fs_group_1"
+ userdel "fs_user_0"
