< id -u -n
< id -g -n
< uname -s
+ mkdir "-p" "/tmp/fs_test"
$ Acquired lock /tmp/fs_test/pw.lock
? groupadd "fs_group_0"
$ Released lock /tmp/fs_test/pw.lock
$ Acquired lock /tmp/fs_test/pw.lock
? useradd "-s" "/bin/false" "fs_user_0"
$ Released lock /tmp/fs_test/pw.lock
+ adduser "fs_user_0" "fs_group_0"
Adding user `fs_user_0' to group `fs_group_0' ...
Adding user fs_user_0 to group fs_group_0
Done.
22469 creating agent 22813
$ Acquired lock /tmp/fs_test/pw.lock
? groupadd "fs_group_1"
groupadd: group 'fs_group_1' already exists
? groupadd "fs_group_2"
groupadd: group 'fs_group_2' already exists
? groupadd "fs_group_3"
groupadd: group 'fs_group_3' already exists
? groupadd "fs_group_4"
$ Released lock /tmp/fs_test/pw.lock
$ Acquired lock /tmp/fs_test/pw.lock
? useradd "-s" "/bin/false" "fs_user_1"
useradd: user 'fs_user_1' already exists
? useradd "-s" "/bin/false" "fs_user_2"
useradd: user 'fs_user_2' already exists
? useradd "-s" "/bin/false" "fs_user_3"
useradd: user 'fs_user_3' already exists
? useradd "-s" "/bin/false" "fs_user_4"
useradd: user 'fs_user_4' already exists
? useradd "-s" "/bin/false" "fs_user_5"
useradd: user 'fs_user_5' already exists
? useradd "-s" "/bin/false" "fs_user_6"
useradd: user 'fs_user_6' already exists
? useradd "-s" "/bin/false" "fs_user_7"
$ Released lock /tmp/fs_test/pw.lock
+ adduser "fs_user_7" "fs_group_4"
Adding user `fs_user_7' to group `fs_group_4' ...
Adding user fs_user_7 to group fs_group_4
Done.
+ adduser "fs_user_7" "fs_group_0"
Adding user `fs_user_7' to group `fs_group_0' ...
Adding user fs_user_7 to group fs_group_0
Done.
22469 creating agent 23212
22469 stopping agent 23212
22469 stopping agent 22813
? groupdel "fs_group_0"
? groupdel "fs_group_4"
+ userdel "fs_user_0"
+ userdel "fs_user_7"
