# processing file 'exec_adhoc_rmdir_restricted_perm_dir-int.trace' ...
        # processing file 'adhoc_rmdir_restricted_perm_dir-int.trace' ...
        @type trace

        # NOTE: this trace must be checked with the --root option of check.native

        #####################################

        # Test restricted delete permissions rsrc

        #####################################


    13: Pid 2 -> create (User_id 1) (Group_id 0)

    15: chmod "/" 0o1777
    16: Tau
    17: RV_none

    19: Pid 2 -> mkdir "/empty_dir1" 0o1777
    20: Tau
    21: Pid 2 <- RV_none

    23: Pid 1 -> chown "/empty_dir1" (User_id 2) (Group_id 0)
    24: Tau
    25: Pid 1 <- RV_none

    27: Pid 2 -> rmdir "/empty_dir1"
    28: Tau
    29: Pid 2 <- EPERM



# trace accepted
