# processing file 'open___open_f4_link.txt___O_APPEND__O_CLOEXEC__O_CREAT__O_DIRECTORY__O_EXEC__O_NOFOLLOW___0666___det_write_3___9a78211436f6d425ec38f5c4e02270801f3524f8___1___read_3___1___close_3-int.trace' ...
        @type trace
        #####################################
        # Test open___open_f4_link.txt___O_APPEND__O_CLOEXEC__O_CREAT__O_DIRECTORY__O_EXEC__O_NOFOLLOW___0666___det_write_3___9a78211436f6d425ec38f5c4e02270801f3524f8___1___read_3___1___close_3
        #####################################
     5: mkdir "empty_dir" 0o777
        Tau
        RV_none
     6: mkdir "nonempty_dir" 0o777
        Tau
        RV_none
     7: open_close "nonempty_dir/f1.txt" [O_CREAT;O_WRONLY] 0o666
        Tau
        RV_none
     8: open "nonempty_dir/f2.txt" [O_CREAT;O_WRONLY] 0o666
        Tau
        RV_num(3)
     9: write! (FD 3) "Lorem ipsum dolor sit amet, co" 30
        Tau
        RV_num(30)
    10: close (FD 3)
        Tau
        RV_none
    11: symlink "nonempty_dir/f2.txt" "f3_sl.txt"
        Tau
        RV_none
    12: symlink "broken" "broken_sl"
        Tau
        RV_none
    13: link "nonempty_dir/f4.txt" "f4_link.txt"
        Tau
        ENOENT
    14: link "nonempty_dir" "dir_link"
        Tau
        EPERM

    16: open "f4_link.txt" [O_RDONLY;O_NOFOLLOW;O_DIRECTORY;O_CREAT;O_CLOEXEC;O_APPEND] 0o666
        Tau
        RV_num(3)
    17: write! (FD 3) "@" 1
        Tau
        EBADF
    18: read (FD 3) 1
        Tau
        RV_bytes("")
    19: close (FD 3)
        Tau
        RV_none

    21: dump-result "/"
           "/"|D|32643
           "/broken_sl"|L|"broken"
           "/f3_sl.txt"|L|"nonempty_dir/f2.txt"
           "/f4_link.txt"|F|23|0|"da39a3ee5e6b4b0d3255bfef95601890afd80709"
           "/empty_dir"|D|65281
           "/nonempty_dir"|D|65282
           "/nonempty_dir/f1.txt"|F|19|0|"da39a3ee5e6b4b0d3255bfef95601890afd80709"
           "/nonempty_dir/f2.txt"|F|20|30|"e88ee12dedd1a9c6d9e9e5dea1a43e510dede7d5"
        end dump-result




